DEBUG:root:Creating GUI Frame...
DEBUG:root:Creating GUI Frame...
DEBUG:root:Building GUI...
DEBUG:root:Extracting physical network devices...
DEBUG:root:Extracting physical network devices...
DEBUG:root:Creating GUI Frame...
DEBUG:root:Building GUI...
DEBUG:root:Extracting physical network devices...
DEBUG:root:Creating GUI Frame...
DEBUG:root:Building GUI...
DEBUG:root:Extracting physical network devices...
DEBUG:root:Creating GUI Frame...
DEBUG:root:Building GUI...
DEBUG:root:Extracting physical network devices...
DEBUG:root:Creating GUI Frame...
DEBUG:root:Building GUI...
DEBUG:root:Extracting physical network devices...
DEBUG:root:Creating GUI Frame...
DEBUG:root:Building GUI...
DEBUG:root:Extracting physical network devices...
DEBUG:root:Creating GUI Frame...
DEBUG:root:Building GUI...
DEBUG:root:Checking elevation...
ERROR:root:Elevation process failed. 
Traceback (most recent call last):
  File "C:\Users\bijo\Documents\GitHub\ip-labor-trigger\hfu_trigger_client.py", line 57, in check_elevation
    if ctypes.windll.shell32.IsUserAnAdmin():
NameError: name 'ctypes' is not defined
ERROR:root:ERROR during program execution!
Traceback (most recent call last):
  File "C:\Users\bijo\Documents\GitHub\ip-labor-trigger\hfu_trigger_client.py", line 57, in check_elevation
    if ctypes.windll.shell32.IsUserAnAdmin():
NameError: name 'ctypes' is not defined

During handling of the above exception, another exception occurred:

Traceback (most recent call last):
  File "C:\Users\bijo\Documents\GitHub\ip-labor-trigger\hfu_trigger_client.py", line 18, in __init__
    if self.check_elevation():
  File "C:\Users\bijo\Documents\GitHub\ip-labor-trigger\hfu_trigger_client.py", line 69, in check_elevation
    sys.exit()
SystemExit
DEBUG:root:Checking elevation...
ERROR:root:Elevation process failed. 
Traceback (most recent call last):
  File "C:\Users\bijo\Documents\GitHub\ip-labor-trigger\hfu_trigger_client.py", line 57, in check_elevation
    if ctypes.windll.shell32.IsUserAnAdmin():
NameError: name 'ctypes' is not defined
ERROR:root:ERROR during program execution!
Traceback (most recent call last):
  File "C:\Users\bijo\Documents\GitHub\ip-labor-trigger\hfu_trigger_client.py", line 57, in check_elevation
    if ctypes.windll.shell32.IsUserAnAdmin():
NameError: name 'ctypes' is not defined

During handling of the above exception, another exception occurred:

Traceback (most recent call last):
  File "C:\Users\bijo\Documents\GitHub\ip-labor-trigger\hfu_trigger_client.py", line 18, in __init__
    if self.check_elevation():
  File "C:\Users\bijo\Documents\GitHub\ip-labor-trigger\hfu_trigger_client.py", line 69, in check_elevation
    sys.exit()
SystemExit
DEBUG:root:Checking elevation...
ERROR:root:Elevation process failed. 
Traceback (most recent call last):
  File "c:\Users\bijo\Documents\GitHub\ip-labor-trigger\hfu_trigger_client.py", line 57, in check_elevation
    if ctypes.windll.shell32.IsUserAnAdmin():
NameError: name 'ctypes' is not defined
ERROR:root:ERROR during program execution!
Traceback (most recent call last):
  File "c:\Users\bijo\Documents\GitHub\ip-labor-trigger\hfu_trigger_client.py", line 57, in check_elevation
    if ctypes.windll.shell32.IsUserAnAdmin():
NameError: name 'ctypes' is not defined

During handling of the above exception, another exception occurred:

Traceback (most recent call last):
  File "c:\Users\bijo\Documents\GitHub\ip-labor-trigger\hfu_trigger_client.py", line 18, in __init__
    if self.check_elevation():
  File "c:\Users\bijo\Documents\GitHub\ip-labor-trigger\hfu_trigger_client.py", line 69, in check_elevation
    sys.exit()
SystemExit
DEBUG:root:Checking elevation...
INFO:root:Restart progam and ask for elevation...
DEBUG:root:Checking elevation...
DEBUG:root:Elevation present.
DEBUG:root:Extracting physical network devices...
DEBUG:root:Creating GUI Frame...
DEBUG:root:Building GUI...
DEBUG:root:Start button pressed.
INFO:root:Setting trigger options...
DEBUG:root:Checking elevation...
INFO:root:Restart progam and ask for elevation...
DEBUG:root:Checking elevation...
DEBUG:root:Elevation present.
DEBUG:root:Extracting physical network devices...
DEBUG:root:Creating GUI Frame...
DEBUG:root:Building GUI...
DEBUG:root:Start button pressed.
INFO:root:Setting trigger options...
INFO:root:Changing network configuration on Intel(R) Ethernet Connection I218-V...
INFO:root:Changed network configuration of Intel(R) Ethernet Connection I218-V
	to ip-192.168.1.20; netmask-255.255.255.0; gateway-192.168.1.1
INFO:root:Changing firewall configuration on port 10001...
DEBUG:root:Checking if firewall rule on port 10001 is present...
DEBUG:root:Checking elevation...
INFO:root:Restart progam and ask for elevation...
DEBUG:root:Checking elevation...
DEBUG:root:Elevation present.
DEBUG:root:Extracting physical network devices...
DEBUG:root:Creating GUI Frame...
DEBUG:root:Building GUI...
DEBUG:root:Start button pressed.
INFO:root:Setting trigger options...
INFO:root:Changing network configuration on Intel(R) Ethernet Connection I218-V...
INFO:root:Changed network configuration of Intel(R) Ethernet Connection I218-V
	to ip-192.168.1.20; netmask-255.255.255.0; gateway-192.168.1.1
INFO:root:Changing firewall configuration on port 10001...
DEBUG:root:Checking if firewall rule on port 10001 is present...
INFO:root:Setting firewall rule with name "HFU_Trigger_Server" to enabled...
DEBUG:root:Checking elevation...
INFO:root:Restart progam and ask for elevation...
DEBUG:root:Checking elevation...
DEBUG:root:Elevation present.
DEBUG:root:Extracting physical network devices...
DEBUG:root:Creating GUI Frame...
DEBUG:root:Building GUI...
DEBUG:root:Start button pressed.
INFO:root:Setting trigger options...
INFO:root:Changing network configuration on Intel(R) Ethernet Connection I218-V...
INFO:root:Changed network configuration of Intel(R) Ethernet Connection I218-V
	to ip-192.168.1.20; netmask-255.255.255.0; gateway-192.168.1.1
INFO:root:Changing firewall configuration on port 10001...
DEBUG:root:Checking if firewall rule on port 10001 is present...
INFO:root:Setting firewall rule with name "HFU_Trigger_Server" to enabled...
DEBUG:root:Checking elevation...
INFO:root:Restart progam and ask for elevation...
DEBUG:root:Checking elevation...
DEBUG:root:Elevation present.
DEBUG:root:Extracting physical network devices...
DEBUG:root:Creating GUI Frame...
DEBUG:root:Building GUI...
DEBUG:root:Start button pressed.
INFO:root:Setting trigger options...
INFO:root:Changing network configuration on Intel(R) Ethernet Connection I218-V...
INFO:root:Changed network configuration of Intel(R) Ethernet Connection I218-V
	to ip-192.168.1.20; netmask-255.255.255.0; gateway-192.168.1.1
INFO:root:Changing firewall configuration on port 10001...
DEBUG:root:Checking if firewall rule on port 10001 is present...
INFO:root:Setting firewall rule with name "HFU_Trigger_Server" to enabled...
DEBUG:root:Checking elevation...
INFO:root:Restart progam and ask for elevation...
DEBUG:root:Checking elevation...
DEBUG:root:Elevation present.
DEBUG:root:Extracting physical network devices...
DEBUG:root:Creating GUI Frame...
DEBUG:root:Building GUI...
DEBUG:root:Start button pressed.
INFO:root:Setting trigger options...
INFO:root:Changing network configuration on Intel(R) Ethernet Connection I218-V...
INFO:root:Changed network configuration of Intel(R) Ethernet Connection I218-V
	to ip-192.168.1.20; netmask-255.255.255.0; gateway-192.168.1.1
INFO:root:Changing firewall configuration on port 10001...
DEBUG:root:Checking if firewall rule on port 10001 is present...
INFO:root:Setting firewall rule with name "HFU_Trigger_Server" to enabled...
DEBUG:root:Checking elevation...
DEBUG:root:Elevation present.
DEBUG:root:Extracting physical network devices...
DEBUG:root:Creating GUI Frame...
DEBUG:root:Building GUI...
DEBUG:root:Checking elevation...
INFO:root:Restart progam and ask for elevation...
DEBUG:root:Checking elevation...
DEBUG:root:Elevation present.
DEBUG:root:Extracting physical network devices...
DEBUG:root:Creating GUI Frame...
DEBUG:root:Building GUI...
DEBUG:root:Start button pressed.
INFO:root:Setting trigger options...
INFO:root:Changing network configuration on Intel(R) Ethernet Connection I218-V...
INFO:root:Changed network configuration of Intel(R) Ethernet Connection I218-V
	to ip-192.168.1.20; netmask-255.255.255.0; gateway-192.168.1.1
INFO:root:Changing firewall configuration on port 10001...
DEBUG:root:Checking if firewall rule on port 10001 is present...
INFO:root:Setting firewall rule with name "HFU_Trigger_Server" to enabled...
DEBUG:root:Checking elevation...
INFO:root:Restart progam and ask for elevation...
DEBUG:root:Checking elevation...
DEBUG:root:Elevation present.
DEBUG:root:Extracting physical network devices...
DEBUG:root:Creating GUI Frame...
DEBUG:root:Building GUI...
DEBUG:root:Start button pressed.
INFO:root:Setting trigger options...
INFO:root:Changing network configuration on Intel(R) Ethernet Connection I218-V...
INFO:root:Changed network configuration of Intel(R) Ethernet Connection I218-V
	to ip-192.168.1.20; netmask-255.255.255.0; gateway-192.168.1.1
INFO:root:Changing firewall configuration on port 10001...
DEBUG:root:Checking if firewall rule on port 10001 is present...
INFO:root:Setting firewall rule with name "HFU_Trigger_Server" to enabled...
INFO:root:Sending trigger for device Motion to 192.168.1.5 on port 10001. system time: 1620647239.2367234
INFO:root:Sending trigger for device Motion to 192.168.1.5 on port 10001. system time: 1620647249.0983467
ERROR:root:Error while sending trigger to device Motion
Traceback (most recent call last):
  File "C:\Users\bijo\Documents\GitHub\ip-labor-trigger\hfu_trigger_client.py", line 454, in createTriggerSocket
    data = socketCon.recv(32)
ConnectionResetError: [WinError 10054] Eine vorhandene Verbindung wurde vom Remotehost geschlossen
ERROR:root:Error while sending trigger to device Motion
Traceback (most recent call last):
  File "C:\Users\bijo\Documents\GitHub\ip-labor-trigger\hfu_trigger_client.py", line 442, in createTriggerSocket
    socketCon.connect(server_address)
TimeoutError: [WinError 10060] Ein Verbindungsversuch ist fehlgeschlagen, da die Gegenstelle nach einer bestimmten Zeitspanne nicht richtig reagiert hat, oder die hergestellte Verbindung war fehlerhaft, da der verbundene Host nicht reagiert hat
DEBUG:root:Checking elevation...
INFO:root:Restart progam and ask for elevation...
DEBUG:root:Checking elevation...
DEBUG:root:Elevation present.
DEBUG:root:Extracting physical network devices...
DEBUG:root:Creating GUI Frame...
DEBUG:root:Building GUI...
DEBUG:root:Start button pressed.
INFO:root:Setting trigger options...
INFO:root:Changing network configuration on Intel(R) Dual Band Wireless-AC 7260...
INFO:root:Changed network configuration of Intel(R) Dual Band Wireless-AC 7260
	to ip-192.168.1.20; netmask-255.255.255.0; gateway-192.168.1.1
INFO:root:Changing firewall configuration on port 10001...
DEBUG:root:Checking if firewall rule on port 10001 is present...
INFO:root:Setting firewall rule with name "HFU_Trigger_Server" to enabled...
INFO:root:Reset the trigger options...
INFO:root:Changing network configuration on Intel(R) Dual Band Wireless-AC 7260...
INFO:root:Changed network configuration of Intel(R) Dual Band Wireless-AC 7260
	to DHCP
INFO:root:Changing firewall configuration on port 10001...
DEBUG:root:Checking if firewall rule on port 10001 is present...
INFO:root:Setting firewall rule with name "HFU_Trigger_Server" to disabled...
DEBUG:root:Start button pressed.
INFO:root:Setting trigger options...
INFO:root:Changing network configuration on Intel(R) Ethernet Connection I218-V...
INFO:root:Changed network configuration of Intel(R) Ethernet Connection I218-V
	to ip-192.168.1.20; netmask-255.255.255.0; gateway-192.168.1.1
INFO:root:Changing firewall configuration on port 10001...
DEBUG:root:Checking if firewall rule on port 10001 is present...
INFO:root:Setting firewall rule with name "HFU_Trigger_Server" to enabled...
INFO:root:Sending trigger for device fNIRS to 192.168.1.2 on port 10001. system time: 1620647422.146036
ERROR:root:Error while sending trigger to device fNIRS
Traceback (most recent call last):
  File "C:\Users\bijo\Documents\GitHub\ip-labor-trigger\hfu_trigger_client.py", line 454, in createTriggerSocket
    data = socketCon.recv(32)
ConnectionResetError: [WinError 10054] Eine vorhandene Verbindung wurde vom Remotehost geschlossen
INFO:root:Sending trigger for device fNIRS to 192.168.1.2 on port 10001. system time: 1620647485.797496
ERROR:root:Error while sending trigger to device fNIRS
Traceback (most recent call last):
  File "C:\Users\bijo\Documents\GitHub\ip-labor-trigger\hfu_trigger_client.py", line 454, in createTriggerSocket
    data = socketCon.recv(32)
ConnectionResetError: [WinError 10054] Eine vorhandene Verbindung wurde vom Remotehost geschlossen
INFO:root:Sending trigger for device fNIRS to 192.168.1.2 on port 10001. system time: 1620647941.9885547
ERROR:root:Error while sending trigger to device fNIRS
Traceback (most recent call last):
  File "C:\Users\bijo\Documents\GitHub\ip-labor-trigger\hfu_trigger_client.py", line 454, in createTriggerSocket
    data = socketCon.recv(32)
ConnectionResetError: [WinError 10054] Eine vorhandene Verbindung wurde vom Remotehost geschlossen
INFO:root:Sending trigger for device fNIRS to 192.168.1.2 on port 10001. system time: 1620648025.5240788
ERROR:root:Error while sending trigger to device fNIRS
Traceback (most recent call last):
  File "C:\Users\bijo\Documents\GitHub\ip-labor-trigger\hfu_trigger_client.py", line 454, in createTriggerSocket
    data = socketCon.recv(32)
ConnectionResetError: [WinError 10054] Eine vorhandene Verbindung wurde vom Remotehost geschlossen
DEBUG:root:Checking elevation...
INFO:root:Restart progam and ask for elevation...
DEBUG:root:Checking elevation...
DEBUG:root:Elevation present.
DEBUG:root:Extracting physical network devices...
DEBUG:root:Creating GUI Frame...
DEBUG:root:Building GUI...
DEBUG:root:Start button pressed.
INFO:root:Setting trigger options...
INFO:root:Changing network configuration on Intel(R) Ethernet Connection I218-V...
INFO:root:Changed network configuration of Intel(R) Ethernet Connection I218-V
	to ip-192.168.1.20; netmask-255.255.255.0; gateway-192.168.1.1
INFO:root:Changing firewall configuration on port 10001...
DEBUG:root:Checking if firewall rule on port 10001 is present...
INFO:root:Setting firewall rule with name "HFU_Trigger_Server" to enabled...
INFO:root:Sending trigger for device fNIRS to 192.168.1.2 on port 10001. system time: 1620650670.0549588
ERROR:root:Error while sending trigger to device fNIRS
Traceback (most recent call last):
  File "C:\Users\bijo\Documents\GitHub\ip-labor-trigger\hfu_trigger_client.py", line 454, in createTriggerSocket
    data = socketCon.recv(32)
ConnectionResetError: [WinError 10054] Eine vorhandene Verbindung wurde vom Remotehost geschlossen
INFO:root:Sending trigger for device fNIRS to 192.168.1.2 on port 10001. system time: 1620650685.4134576
INFO:root:Sending trigger for device fNIRS to 192.168.1.2 on port 10001. system time: 1620650686.0085747
INFO:root:Sending trigger for device fNIRS to 192.168.1.2 on port 10001. system time: 1620650686.4036305
INFO:root:Sending trigger for device fNIRS to 192.168.1.2 on port 10001. system time: 1620650687.1783779
INFO:root:Sending trigger for device fNIRS to 192.168.1.2 on port 10001. system time: 1620650687.7227643
ERROR:root:Error while sending trigger to device fNIRS
Traceback (most recent call last):
  File "C:\Users\bijo\Documents\GitHub\ip-labor-trigger\hfu_trigger_client.py", line 442, in createTriggerSocket
    socketCon.connect(server_address)
TimeoutError: [WinError 10060] Ein Verbindungsversuch ist fehlgeschlagen, da die Gegenstelle nach einer bestimmten Zeitspanne nicht richtig reagiert hat, oder die hergestellte Verbindung war fehlerhaft, da der verbundene Host nicht reagiert hat
ERROR:root:Error while sending trigger to device fNIRS
Traceback (most recent call last):
  File "C:\Users\bijo\Documents\GitHub\ip-labor-trigger\hfu_trigger_client.py", line 442, in createTriggerSocket
    socketCon.connect(server_address)
TimeoutError: [WinError 10060] Ein Verbindungsversuch ist fehlgeschlagen, da die Gegenstelle nach einer bestimmten Zeitspanne nicht richtig reagiert hat, oder die hergestellte Verbindung war fehlerhaft, da der verbundene Host nicht reagiert hat
ERROR:root:Error while sending trigger to device fNIRS
Traceback (most recent call last):
  File "C:\Users\bijo\Documents\GitHub\ip-labor-trigger\hfu_trigger_client.py", line 442, in createTriggerSocket
    socketCon.connect(server_address)
TimeoutError: [WinError 10060] Ein Verbindungsversuch ist fehlgeschlagen, da die Gegenstelle nach einer bestimmten Zeitspanne nicht richtig reagiert hat, oder die hergestellte Verbindung war fehlerhaft, da der verbundene Host nicht reagiert hat
ERROR:root:Error while sending trigger to device fNIRS
Traceback (most recent call last):
  File "C:\Users\bijo\Documents\GitHub\ip-labor-trigger\hfu_trigger_client.py", line 442, in createTriggerSocket
    socketCon.connect(server_address)
TimeoutError: [WinError 10060] Ein Verbindungsversuch ist fehlgeschlagen, da die Gegenstelle nach einer bestimmten Zeitspanne nicht richtig reagiert hat, oder die hergestellte Verbindung war fehlerhaft, da der verbundene Host nicht reagiert hat
DEBUG:root:Checking elevation...
INFO:root:Restart progam and ask for elevation...
DEBUG:root:Checking elevation...
DEBUG:root:Elevation present.
DEBUG:root:Extracting physical network devices...
DEBUG:root:Creating GUI Frame...
DEBUG:root:Building GUI...
DEBUG:root:Start button pressed.
INFO:root:Setting trigger options...
INFO:root:Changing network configuration on Intel(R) Ethernet Connection I218-V...
INFO:root:Changed network configuration of Intel(R) Ethernet Connection I218-V
	to ip-192.168.1.20; netmask-255.255.255.0; gateway-192.168.1.1
INFO:root:Changing firewall configuration on port 10001...
DEBUG:root:Checking if firewall rule on port 10001 is present...
INFO:root:Setting firewall rule with name "HFU_Trigger_Server" to enabled...
INFO:root:Sending trigger for device Movisens to 192.168.1.3 on port 10001. system time: 1620652897.9814408
ERROR:root:Error while sending trigger to device Movisens
Traceback (most recent call last):
  File "C:\Users\bijo\Documents\GitHub\ip-labor-trigger\hfu_trigger_client.py", line 454, in createTriggerSocket
    data = socketCon.recv(32)
ConnectionResetError: [WinError 10054] Eine vorhandene Verbindung wurde vom Remotehost geschlossen
INFO:root:Sending trigger for device Movisens to 192.168.1.3 on port 10001. system time: 1620653031.3490143
ERROR:root:Error while sending trigger to device Movisens
Traceback (most recent call last):
  File "C:\Users\bijo\Documents\GitHub\ip-labor-trigger\hfu_trigger_client.py", line 454, in createTriggerSocket
    data = socketCon.recv(32)
ConnectionResetError: [WinError 10054] Eine vorhandene Verbindung wurde vom Remotehost geschlossen
INFO:root:Sending trigger for device Movisens to 192.168.1.3 on port 10001. system time: 1620653144.1938937
INFO:root:Trigger for device Movisens successful. System time: 1620653144.201112; Two-way-latency: 0.007218360900878906
INFO:root:Sending trigger for device Movisens to 192.168.1.3 on port 10001. system time: 1620653155.9415104
INFO:root:Trigger for device Movisens successful. System time: 1620653155.9471993; Two-way-latency: 0.005688905715942383
INFO:root:Sending trigger for device Movisens to 192.168.1.3 on port 10001. system time: 1620653156.9502065
INFO:root:Trigger for device Movisens successful. System time: 1620653156.955494; Two-way-latency: 0.0052874088287353516
INFO:root:Sending trigger for device Movisens to 192.168.1.3 on port 10001. system time: 1620653157.907705
INFO:root:Trigger for device Movisens successful. System time: 1620653157.9183433; Two-way-latency: 0.010638236999511719
INFO:root:Sending trigger for device Movisens to 192.168.1.3 on port 10001. system time: 1620653158.6644545
INFO:root:Trigger for device Movisens successful. System time: 1620653158.6746812; Two-way-latency: 0.010226726531982422
INFO:root:Sending trigger for device Movisens to 192.168.1.3 on port 10001. system time: 1620653159.4097264
INFO:root:Trigger for device Movisens successful. System time: 1620653159.4192266; Two-way-latency: 0.009500265121459961
INFO:root:Sending trigger for device Movisens to 192.168.1.3 on port 10001. system time: 1620653160.0461934
INFO:root:Trigger for device Movisens successful. System time: 1620653160.0561903; Two-way-latency: 0.009996891021728516
INFO:root:Sending trigger for device Movisens to 192.168.1.3 on port 10001. system time: 1620653160.6916351
INFO:root:Trigger for device Movisens successful. System time: 1620653160.7019198; Two-way-latency: 0.010284662246704102
INFO:root:Sending trigger for device Movisens to 192.168.1.3 on port 10001. system time: 1620653349.8822646
INFO:root:Trigger for device Movisens successful. System time: 1620653349.8882585; Two-way-latency: 0.005993843078613281
INFO:root:Sending trigger for device Movisens to 192.168.1.3 on port 10001. system time: 1620653362.576528
INFO:root:Trigger for device Movisens successful. System time: 1620653362.5813453; Two-way-latency: 0.00481724739074707
INFO:root:Sending trigger for device Movisens to 192.168.1.3 on port 10001. system time: 1620653363.1610467
INFO:root:Trigger for device Movisens successful. System time: 1620653363.1694505; Two-way-latency: 0.008403778076171875
INFO:root:Sending trigger for device Movisens to 192.168.1.3 on port 10001. system time: 1620653363.8167076
INFO:root:Trigger for device Movisens successful. System time: 1620653363.8192332; Two-way-latency: 0.0025255680084228516
INFO:root:Sending trigger for device Movisens to 192.168.1.3 on port 10001. system time: 1620653377.5768065
INFO:root:Trigger for device Movisens successful. System time: 1620653377.5914035; Two-way-latency: 0.014596939086914062
INFO:root:Sending trigger for device Movisens to 192.168.1.3 on port 10001. system time: 1620653398.1533997
INFO:root:Trigger for device Movisens successful. System time: 1620653398.1634126; Two-way-latency: 0.01001286506652832
INFO:root:Sending trigger for device Movisens to 192.168.1.3 on port 10001. system time: 1620653398.749202
INFO:root:Trigger for device Movisens successful. System time: 1620653398.7579634; Two-way-latency: 0.008761405944824219
INFO:root:Sending trigger for device Movisens to 192.168.1.3 on port 10001. system time: 1620653560.2270098
INFO:root:Trigger for device Movisens successful. System time: 1620653560.2320268; Two-way-latency: 0.00501704216003418
INFO:root:Sending trigger for device Movisens to 192.168.1.3 on port 10001. system time: 1620653560.841307
INFO:root:Trigger for device Movisens successful. System time: 1620653560.8455563; Two-way-latency: 0.0042493343353271484
INFO:root:Sending trigger for device Movisens to 192.168.1.3 on port 10001. system time: 1620653561.4865859
INFO:root:Trigger for device Movisens successful. System time: 1620653561.493035; Two-way-latency: 0.006449222564697266
DEBUG:root:Checking elevation...
INFO:root:Restart progam and ask for elevation...
DEBUG:root:Checking elevation...
DEBUG:root:Elevation present.
DEBUG:root:Extracting physical network devices...
DEBUG:root:Creating GUI Frame...
DEBUG:root:Building GUI...
DEBUG:root:Checking elevation...
INFO:root:Restart progam and ask for elevation...
DEBUG:root:Checking elevation...
DEBUG:root:Elevation present.
DEBUG:root:Extracting physical network devices...
DEBUG:root:Creating GUI Frame...
DEBUG:root:Building GUI...
DEBUG:root:Start button pressed.
INFO:root:Setting trigger options...
INFO:root:Changing network configuration on Intel(R) Ethernet Connection I218-V...
INFO:root:Changed network configuration of Intel(R) Ethernet Connection I218-V
	to ip-192.168.1.20; netmask-255.255.255.0; gateway-192.168.1.1
INFO:root:Changing firewall configuration on port 10001...
DEBUG:root:Checking if firewall rule on port 10001 is present...
INFO:root:Setting firewall rule with name "HFU_Trigger_Server" to enabled...
INFO:root:Sending trigger for device Motion to 192.168.1.5 on port 10001. system time: 1620653747.3792334
INFO:root:Sending trigger for device Motion to 192.168.1.5 on port 10001. system time: 1620653748.724007
INFO:root:Sending trigger for device Motion to 192.168.1.5 on port 10001. system time: 1620653754.39456
INFO:root:Sending trigger for device Motion to 192.168.1.5 on port 10001. system time: 1620653755.1592376
INFO:root:Sending trigger for device Motion to 192.168.1.5 on port 10001. system time: 1620653755.2713099
INFO:root:Sending trigger for device Motion to 192.168.1.5 on port 10001. system time: 1620653755.4330304
INFO:root:Sending trigger for device Motion to 192.168.1.5 on port 10001. system time: 1620653755.5843449
INFO:root:Sending trigger for device Motion to 192.168.1.5 on port 10001. system time: 1620653755.8246307
INFO:root:Reset the trigger options...
INFO:root:Changing network configuration on Intel(R) Ethernet Connection I218-V...
ERROR:root:Error while sending trigger to device Motion
Traceback (most recent call last):
  File "C:\Users\bijo\Documents\GitHub\ip-labor-trigger\hfu_trigger_client.py", line 442, in createTriggerSocket
    socketCon.connect(server_address)
ConnectionAbortedError: [WinError 10053] Eine bestehende Verbindung wurde softwaregesteuert
durch den Hostcomputer abgebrochen
ERROR:root:Error while sending trigger to device Motion
Traceback (most recent call last):
  File "C:\Users\bijo\Documents\GitHub\ip-labor-trigger\hfu_trigger_client.py", line 442, in createTriggerSocket
    socketCon.connect(server_address)
ConnectionAbortedError: [WinError 10053] Eine bestehende Verbindung wurde softwaregesteuert
durch den Hostcomputer abgebrochen
ERROR:root:Error while sending trigger to device Motion
Traceback (most recent call last):
  File "C:\Users\bijo\Documents\GitHub\ip-labor-trigger\hfu_trigger_client.py", line 442, in createTriggerSocket
    socketCon.connect(server_address)
ConnectionAbortedError: [WinError 10053] Eine bestehende Verbindung wurde softwaregesteuert
durch den Hostcomputer abgebrochen
ERROR:root:Error while sending trigger to device Motion
Traceback (most recent call last):
  File "C:\Users\bijo\Documents\GitHub\ip-labor-trigger\hfu_trigger_client.py", line 442, in createTriggerSocket
    socketCon.connect(server_address)
ConnectionAbortedError: [WinError 10053] Eine bestehende Verbindung wurde softwaregesteuert
durch den Hostcomputer abgebrochen
ERROR:root:Error while sending trigger to device Motion
Traceback (most recent call last):
  File "C:\Users\bijo\Documents\GitHub\ip-labor-trigger\hfu_trigger_client.py", line 442, in createTriggerSocket
    socketCon.connect(server_address)
ConnectionAbortedError: [WinError 10053] Eine bestehende Verbindung wurde softwaregesteuert
durch den Hostcomputer abgebrochen
ERROR:root:Error while sending trigger to device Motion
Traceback (most recent call last):
  File "C:\Users\bijo\Documents\GitHub\ip-labor-trigger\hfu_trigger_client.py", line 442, in createTriggerSocket
    socketCon.connect(server_address)
ConnectionAbortedError: [WinError 10053] Eine bestehende Verbindung wurde softwaregesteuert
durch den Hostcomputer abgebrochen
ERROR:root:Error while sending trigger to device Motion
Traceback (most recent call last):
  File "C:\Users\bijo\Documents\GitHub\ip-labor-trigger\hfu_trigger_client.py", line 442, in createTriggerSocket
    socketCon.connect(server_address)
ConnectionAbortedError: [WinError 10053] Eine bestehende Verbindung wurde softwaregesteuert
durch den Hostcomputer abgebrochen
ERROR:root:Error while sending trigger to device Motion
Traceback (most recent call last):
  File "C:\Users\bijo\Documents\GitHub\ip-labor-trigger\hfu_trigger_client.py", line 442, in createTriggerSocket
    socketCon.connect(server_address)
ConnectionAbortedError: [WinError 10053] Eine bestehende Verbindung wurde softwaregesteuert
durch den Hostcomputer abgebrochen
INFO:root:Changed network configuration of Intel(R) Ethernet Connection I218-V
	to DHCP
INFO:root:Changing firewall configuration on port 10001...
DEBUG:root:Checking if firewall rule on port 10001 is present...
INFO:root:Setting firewall rule with name "HFU_Trigger_Server" to disabled...
DEBUG:root:Start button pressed.
INFO:root:Setting trigger options...
INFO:root:Changing network configuration on Intel(R) Ethernet Connection I218-V...
INFO:root:Changed network configuration of Intel(R) Ethernet Connection I218-V
	to ip-192.168.1.20; netmask-255.255.255.0; gateway-192.168.1.1
INFO:root:Changing firewall configuration on port 10001...
DEBUG:root:Checking if firewall rule on port 10001 is present...
INFO:root:Setting firewall rule with name "HFU_Trigger_Server" to enabled...
INFO:root:Sending trigger for device Movisens to 192.168.1.3 on port 10001. system time: 1620653773.6498322
INFO:root:Trigger for device Movisens successful. System time: 1620653773.6552167; Two-way-latency: 0.0053844451904296875
INFO:root:Sending trigger for device Movisens to 192.168.1.3 on port 10001. system time: 1620653780.3333101
INFO:root:Trigger for device Movisens successful. System time: 1620653780.340025; Two-way-latency: 0.006714820861816406
INFO:root:Sending trigger for device Movisens to 192.168.1.3 on port 10001. system time: 1620653816.323618
INFO:root:Reset the trigger options...
INFO:root:Changing network configuration on Intel(R) Ethernet Connection I218-V...
ERROR:root:Error while sending trigger to device Movisens
Traceback (most recent call last):
  File "C:\Users\bijo\Documents\GitHub\ip-labor-trigger\hfu_trigger_client.py", line 442, in createTriggerSocket
    socketCon.connect(server_address)
ConnectionAbortedError: [WinError 10053] Eine bestehende Verbindung wurde softwaregesteuert
durch den Hostcomputer abgebrochen
INFO:root:Changed network configuration of Intel(R) Ethernet Connection I218-V
	to DHCP
INFO:root:Changing firewall configuration on port 10001...
DEBUG:root:Checking if firewall rule on port 10001 is present...
INFO:root:Setting firewall rule with name "HFU_Trigger_Server" to disabled...
DEBUG:root:Start button pressed.
INFO:root:Setting trigger options...
INFO:root:Changing network configuration on Intel(R) Ethernet Connection I218-V...
INFO:root:Changed network configuration of Intel(R) Ethernet Connection I218-V
	to ip-192.168.1.20; netmask-255.255.255.0; gateway-192.168.1.1
INFO:root:Changing firewall configuration on port 10001...
DEBUG:root:Checking if firewall rule on port 10001 is present...
INFO:root:Setting firewall rule with name "HFU_Trigger_Server" to enabled...
INFO:root:Sending trigger for device Motion to 192.168.1.5 on port 10001. system time: 1620653936.9565089
INFO:root:Trigger for device Motion successful. System time: 1620653936.9621363; Two-way-latency: 0.00562739372253418
INFO:root:Sending trigger for device Motion to 192.168.1.5 on port 10001. system time: 1620653955.17904
INFO:root:Trigger for device Motion successful. System time: 1620653955.1839535; Two-way-latency: 0.0049135684967041016
INFO:root:Sending trigger for device Motion to 192.168.1.5 on port 10001. system time: 1620653957.256585
INFO:root:Trigger for device Motion successful. System time: 1620653957.2644277; Two-way-latency: 0.007842779159545898
INFO:root:Sending trigger for device Motion to 192.168.1.5 on port 10001. system time: 1620653958.2753556
INFO:root:Trigger for device Motion successful. System time: 1620653958.2833507; Two-way-latency: 0.007995128631591797
INFO:root:Sending trigger for device Motion to 192.168.1.5 on port 10001. system time: 1620653973.8882575
INFO:root:Trigger for device Motion successful. System time: 1620653973.8945296; Two-way-latency: 0.006272077560424805
INFO:root:Sending trigger for device Motion to 192.168.1.5 on port 10001. system time: 1620654028.849259
INFO:root:Trigger for device Motion successful. System time: 1620654028.8552978; Two-way-latency: 0.0060389041900634766
INFO:root:Sending trigger for device Motion to 192.168.1.5 on port 10001. system time: 1620654031.6162102
INFO:root:Trigger for device Motion successful. System time: 1620654031.6223323; Two-way-latency: 0.006122112274169922
INFO:root:Reset the trigger options...
INFO:root:Changing network configuration on Intel(R) Ethernet Connection I218-V...
INFO:root:Changed network configuration of Intel(R) Ethernet Connection I218-V
	to DHCP
INFO:root:Changing firewall configuration on port 10001...
DEBUG:root:Checking if firewall rule on port 10001 is present...
INFO:root:Setting firewall rule with name "HFU_Trigger_Server" to disabled...
DEBUG:root:Checking elevation...
INFO:root:Restart progam and ask for elevation...
DEBUG:root:Checking elevation...
DEBUG:root:Elevation present.
DEBUG:root:Extracting physical network devices...
DEBUG:root:Creating GUI Frame...
DEBUG:root:Building GUI...
DEBUG:root:Start button pressed.
INFO:root:Setting trigger options...
INFO:root:Changing network configuration on Intel(R) Dual Band Wireless-AC 7260...
INFO:root:Changed network configuration of Intel(R) Dual Band Wireless-AC 7260
	to ip-192.168.1.20; netmask-255.255.255.0; gateway-192.168.1.1
INFO:root:Changing firewall configuration on port 10001...
DEBUG:root:Checking if firewall rule on port 10001 is present...
INFO:root:Setting firewall rule with name "HFU_Trigger_Server" to enabled...
INFO:root:Reset the trigger options...
INFO:root:Changing network configuration on Intel(R) Dual Band Wireless-AC 7260...
INFO:root:Changed network configuration of Intel(R) Dual Band Wireless-AC 7260
	to DHCP
INFO:root:Changing firewall configuration on port 10001...
DEBUG:root:Checking if firewall rule on port 10001 is present...
INFO:root:Setting firewall rule with name "HFU_Trigger_Server" to disabled...
DEBUG:root:Checking elevation...
INFO:root:Restart progam and ask for elevation...
DEBUG:root:Checking elevation...
DEBUG:root:Elevation present.
DEBUG:root:Extracting physical network devices...
DEBUG:root:Creating GUI Frame...
DEBUG:root:Building GUI...
DEBUG:root:Start button pressed.
INFO:root:Setting trigger options...
INFO:root:Changing network configuration on Intel(R) Dual Band Wireless-AC 7260...
INFO:root:Changed network configuration of Intel(R) Dual Band Wireless-AC 7260
	to ip-192.168.1.20; netmask-255.255.255.0; gateway-192.168.1.1
INFO:root:Changing firewall configuration on port 10001...
DEBUG:root:Checking if firewall rule on port 10001 is present...
INFO:root:Setting firewall rule with name "HFU_Trigger_Server" to enabled...
INFO:root:Reset the trigger options...
INFO:root:Changing network configuration on Intel(R) Dual Band Wireless-AC 7260...
INFO:root:Changed network configuration of Intel(R) Dual Band Wireless-AC 7260
	to DHCP
INFO:root:Changing firewall configuration on port 10001...
DEBUG:root:Checking if firewall rule on port 10001 is present...
INFO:root:Setting firewall rule with name "HFU_Trigger_Server" to disabled...
DEBUG:root:Start button pressed.
INFO:root:Setting trigger options...
INFO:root:Changing network configuration on Intel(R) Dual Band Wireless-AC 7260...
INFO:root:Changed network configuration of Intel(R) Dual Band Wireless-AC 7260
	to ip-192.168.1.20; netmask-255.255.255.0; gateway-192.168.1.1
INFO:root:Changing firewall configuration on port 10001...
DEBUG:root:Checking if firewall rule on port 10001 is present...
INFO:root:Setting firewall rule with name "HFU_Trigger_Server" to enabled...
DEBUG:root:Checking elevation...
INFO:root:Restart progam and ask for elevation...
DEBUG:root:Checking elevation...
DEBUG:root:Elevation present.
DEBUG:root:Extracting physical network devices...
DEBUG:root:Creating GUI Frame...
DEBUG:root:Building GUI...
DEBUG:root:Start button pressed.
INFO:root:Setting trigger options...
INFO:root:Changing network configuration on Intel(R) Dual Band Wireless-AC 7260...
INFO:root:Changed network configuration of Intel(R) Dual Band Wireless-AC 7260
	to ip-192.168.1.20; netmask-255.255.255.0; gateway-192.168.1.1
INFO:root:Changing firewall configuration on port 10001...
DEBUG:root:Checking if firewall rule on port 10001 is present...
INFO:root:Setting firewall rule with name "HFU_Trigger_Server" to enabled...
INFO:root:Reset the trigger options...
INFO:root:Changing network configuration on Intel(R) Dual Band Wireless-AC 7260...
INFO:root:Changed network configuration of Intel(R) Dual Band Wireless-AC 7260
	to DHCP
INFO:root:Changing firewall configuration on port 10001...
DEBUG:root:Checking if firewall rule on port 10001 is present...
INFO:root:Setting firewall rule with name "HFU_Trigger_Server" to disabled...
DEBUG:root:Checking elevation...
INFO:root:Restart progam and ask for elevation...
DEBUG:root:Checking elevation...
DEBUG:root:Elevation present.
DEBUG:root:Extracting physical network devices...
DEBUG:root:Creating GUI Frame...
DEBUG:root:Building GUI...
DEBUG:root:Start button pressed.
INFO:root:Setting trigger options...
INFO:root:Changing network configuration on Intel(R) Ethernet Connection I218-V...
INFO:root:Changed network configuration of Intel(R) Ethernet Connection I218-V
	to ip-192.168.1.20; netmask-255.255.255.0; gateway-192.168.1.1
INFO:root:Changing firewall configuration on port 10001...
DEBUG:root:Checking if firewall rule on port 10001 is present...
INFO:root:Setting firewall rule with name "HFU_Trigger_Server" to enabled...
INFO:root:Sending trigger for device Motion to 192.168.1.5 on port 10001. system time: 1620654761.79594
INFO:root:Sending trigger for device Movisens to 192.168.1.3 on port 10001. system time: 1620654761.797938
INFO:root:Sending trigger for device Motion to 192.168.1.5 on port 10001. system time: 1620654768.7344525
INFO:root:Sending trigger for device Movisens to 192.168.1.3 on port 10001. system time: 1620654768.7344525
INFO:root:Sending trigger for device Motion to 192.168.1.5 on port 10001. system time: 1620654774.5918777
INFO:root:Sending trigger for device Movisens to 192.168.1.3 on port 10001. system time: 1620654774.5918777
ERROR:root:Error while sending trigger to device Motion
Traceback (most recent call last):
  File "c:\Users\bijo\Documents\GitHub\ip-labor-trigger\hfu_trigger_client.py", line 450, in createTriggerSocket
    socketCon.connect(server_address)
OSError: [WinError 10065] Der Host war bei einem Socketvorgang nicht erreichbar
ERROR:root:Error while sending trigger to device Movisens
Traceback (most recent call last):
  File "c:\Users\bijo\Documents\GitHub\ip-labor-trigger\hfu_trigger_client.py", line 450, in createTriggerSocket
    socketCon.connect(server_address)
OSError: [WinError 10065] Der Host war bei einem Socketvorgang nicht erreichbar
INFO:root:Sending trigger for device Motion to 192.168.1.5 on port 10001. system time: 1620654775.2175987
INFO:root:Sending trigger for device Movisens to 192.168.1.3 on port 10001. system time: 1620654775.2175987
ERROR:root:Error while sending trigger to device Motion
Traceback (most recent call last):
  File "c:\Users\bijo\Documents\GitHub\ip-labor-trigger\hfu_trigger_client.py", line 450, in createTriggerSocket
    socketCon.connect(server_address)
OSError: [WinError 10065] Der Host war bei einem Socketvorgang nicht erreichbar
ERROR:root:Error while sending trigger to device Movisens
Traceback (most recent call last):
  File "c:\Users\bijo\Documents\GitHub\ip-labor-trigger\hfu_trigger_client.py", line 450, in createTriggerSocket
    socketCon.connect(server_address)
OSError: [WinError 10065] Der Host war bei einem Socketvorgang nicht erreichbar
INFO:root:Sending trigger for device Motion to 192.168.1.5 on port 10001. system time: 1620654775.497033
INFO:root:Sending trigger for device Movisens to 192.168.1.3 on port 10001. system time: 1620654775.4980328
INFO:root:Trigger for device Motion successful. System time: 1620654775.5060275; Two-way-latency: 0.008994340896606445
INFO:root:Trigger for device Movisens successful. System time: 1620654775.5170217; Two-way-latency: 0.018988847732543945
INFO:root:Sending trigger for device Motion to 192.168.1.5 on port 10001. system time: 1620654775.7018428
INFO:root:Sending trigger for device Movisens to 192.168.1.3 on port 10001. system time: 1620654775.7018428
INFO:root:Trigger for device Motion successful. System time: 1620654775.7088537; Two-way-latency: 0.007010936737060547
INFO:root:Trigger for device Movisens successful. System time: 1620654775.712678; Two-way-latency: 0.01083517074584961
INFO:root:Sending trigger for device Motion to 192.168.1.5 on port 10001. system time: 1620654776.5696406
INFO:root:Sending trigger for device Movisens to 192.168.1.3 on port 10001. system time: 1620654776.5706396
INFO:root:Trigger for device Motion successful. System time: 1620654776.5796347; Two-way-latency: 0.009994029998779297
INFO:root:Trigger for device Movisens successful. System time: 1620654776.5896285; Two-way-latency: 0.018988847732543945
INFO:root:Sending trigger for device Motion to 192.168.1.5 on port 10001. system time: 1620654777.6390808
INFO:root:Sending trigger for device Movisens to 192.168.1.3 on port 10001. system time: 1620654777.6390808
INFO:root:Trigger for device Motion successful. System time: 1620654777.6489108; Two-way-latency: 0.009829998016357422
INFO:root:Trigger for device Movisens successful. System time: 1620654777.6489108; Two-way-latency: 0.009829998016357422
ERROR:root:Error while sending trigger to device Movisens
Traceback (most recent call last):
  File "c:\Users\bijo\Documents\GitHub\ip-labor-trigger\hfu_trigger_client.py", line 450, in createTriggerSocket
    socketCon.connect(server_address)
TimeoutError: [WinError 10060] Ein Verbindungsversuch ist fehlgeschlagen, da die Gegenstelle nach einer bestimmten Zeitspanne nicht richtig reagiert hat, oder die hergestellte Verbindung war fehlerhaft, da der verbundene Host nicht reagiert hat
ERROR:root:Error while sending trigger to device Motion
Traceback (most recent call last):
  File "c:\Users\bijo\Documents\GitHub\ip-labor-trigger\hfu_trigger_client.py", line 450, in createTriggerSocket
    socketCon.connect(server_address)
TimeoutError: [WinError 10060] Ein Verbindungsversuch ist fehlgeschlagen, da die Gegenstelle nach einer bestimmten Zeitspanne nicht richtig reagiert hat, oder die hergestellte Verbindung war fehlerhaft, da der verbundene Host nicht reagiert hat
ERROR:root:Error while sending trigger to device Motion
Traceback (most recent call last):
  File "c:\Users\bijo\Documents\GitHub\ip-labor-trigger\hfu_trigger_client.py", line 450, in createTriggerSocket
    socketCon.connect(server_address)
TimeoutError: [WinError 10060] Ein Verbindungsversuch ist fehlgeschlagen, da die Gegenstelle nach einer bestimmten Zeitspanne nicht richtig reagiert hat, oder die hergestellte Verbindung war fehlerhaft, da der verbundene Host nicht reagiert hat
ERROR:root:Error while sending trigger to device Movisens
Traceback (most recent call last):
  File "c:\Users\bijo\Documents\GitHub\ip-labor-trigger\hfu_trigger_client.py", line 450, in createTriggerSocket
    socketCon.connect(server_address)
TimeoutError: [WinError 10060] Ein Verbindungsversuch ist fehlgeschlagen, da die Gegenstelle nach einer bestimmten Zeitspanne nicht richtig reagiert hat, oder die hergestellte Verbindung war fehlerhaft, da der verbundene Host nicht reagiert hat
INFO:root:Sending trigger for device Motion to 192.168.1.5 on port 10001. system time: 1620654789.845803
INFO:root:Sending trigger for device Movisens to 192.168.1.3 on port 10001. system time: 1620654789.845803
INFO:root:Trigger for device Motion successful. System time: 1620654789.855043; Two-way-latency: 0.009239912033081055
INFO:root:Trigger for device Movisens successful. System time: 1620654789.8570497; Two-way-latency: 0.011246681213378906
INFO:root:Sending trigger for device Motion to 192.168.1.5 on port 10001. system time: 1620654790.5617805
INFO:root:Sending trigger for device Movisens to 192.168.1.3 on port 10001. system time: 1620654790.5617805
INFO:root:Trigger for device Motion successful. System time: 1620654790.5702503; Two-way-latency: 0.008469820022583008
INFO:root:Trigger for device Movisens successful. System time: 1620654790.572247; Two-way-latency: 0.010466575622558594
INFO:root:Sending trigger for device Motion to 192.168.1.5 on port 10001. system time: 1620654791.4486423
INFO:root:Sending trigger for device Movisens to 192.168.1.3 on port 10001. system time: 1620654791.4486423
INFO:root:Trigger for device Motion successful. System time: 1620654791.456345; Two-way-latency: 0.007702827453613281
INFO:root:Trigger for device Movisens successful. System time: 1620654791.4598498; Two-way-latency: 0.01120758056640625
INFO:root:Sending trigger for device Motion to 192.168.1.5 on port 10001. system time: 1620654793.932545
INFO:root:Sending trigger for device Movisens to 192.168.1.3 on port 10001. system time: 1620654793.9335403
INFO:root:Trigger for device Movisens successful. System time: 1620654793.942921; Two-way-latency: 0.009380578994750977
INFO:root:Sending trigger for device Motion to 192.168.1.5 on port 10001. system time: 1620654795.768562
INFO:root:Sending trigger for device Movisens to 192.168.1.3 on port 10001. system time: 1620654795.768562
INFO:root:Trigger for device Movisens successful. System time: 1620654795.7798157; Two-way-latency: 0.011253595352172852
INFO:root:Sending trigger for device Motion to 192.168.1.5 on port 10001. system time: 1620654796.9289901
INFO:root:Sending trigger for device Movisens to 192.168.1.3 on port 10001. system time: 1620654796.9289901
INFO:root:Trigger for device Movisens successful. System time: 1620654796.9393942; Two-way-latency: 0.010404109954833984
INFO:root:Sending trigger for device Motion to 192.168.1.5 on port 10001. system time: 1620654797.794953
INFO:root:Sending trigger for device Movisens to 192.168.1.3 on port 10001. system time: 1620654797.795955
INFO:root:Trigger for device Movisens successful. System time: 1620654797.806328; Two-way-latency: 0.010373115539550781
INFO:root:Trigger for device Motion successful. System time: 1620654804.7589285; Two-way-latency: 10.826383590698242
INFO:root:Trigger for device Motion successful. System time: 1620654814.0582135; Two-way-latency: 16.26326036453247
ERROR:root:Error while sending trigger to device Motion
Traceback (most recent call last):
  File "c:\Users\bijo\Documents\GitHub\ip-labor-trigger\hfu_trigger_client.py", line 450, in createTriggerSocket
    socketCon.connect(server_address)
TimeoutError: [WinError 10060] Ein Verbindungsversuch ist fehlgeschlagen, da die Gegenstelle nach einer bestimmten Zeitspanne nicht richtig reagiert hat, oder die hergestellte Verbindung war fehlerhaft, da der verbundene Host nicht reagiert hat
ERROR:root:Error while sending trigger to device Motion
Traceback (most recent call last):
  File "c:\Users\bijo\Documents\GitHub\ip-labor-trigger\hfu_trigger_client.py", line 450, in createTriggerSocket
    socketCon.connect(server_address)
TimeoutError: [WinError 10060] Ein Verbindungsversuch ist fehlgeschlagen, da die Gegenstelle nach einer bestimmten Zeitspanne nicht richtig reagiert hat, oder die hergestellte Verbindung war fehlerhaft, da der verbundene Host nicht reagiert hat
INFO:root:Sending trigger for device Motion to 192.168.1.5 on port 10001. system time: 1620654820.8934758
INFO:root:Sending trigger for device Movisens to 192.168.1.3 on port 10001. system time: 1620654820.8934758
INFO:root:Trigger for device Motion successful. System time: 1620654820.902386; Two-way-latency: 0.008910179138183594
INFO:root:Trigger for device Movisens successful. System time: 1620654820.9039562; Two-way-latency: 0.010480403900146484
INFO:root:Sending trigger for device Motion to 192.168.1.5 on port 10001. system time: 1620654821.5796642
INFO:root:Sending trigger for device Movisens to 192.168.1.3 on port 10001. system time: 1620654821.5796642
INFO:root:Trigger for device Motion successful. System time: 1620654821.5848696; Two-way-latency: 0.005205392837524414
INFO:root:Trigger for device Movisens successful. System time: 1620654821.589226; Two-way-latency: 0.009561777114868164
DEBUG:root:Checking elevation...
INFO:root:Restart progam and ask for elevation...
DEBUG:root:Checking elevation...
DEBUG:root:Elevation present.
DEBUG:root:Extracting physical network devices...
DEBUG:root:Creating GUI Frame...
DEBUG:root:Building GUI...
DEBUG:root:Start button pressed.
INFO:root:Setting trigger options...
INFO:root:Changing network configuration on Intel(R) Ethernet Connection I218-V...
INFO:root:Changed network configuration of Intel(R) Ethernet Connection I218-V
	to ip-192.168.1.20; netmask-255.255.255.0; gateway-192.168.1.1
INFO:root:Changing firewall configuration on port 10001...
DEBUG:root:Checking if firewall rule on port 10001 is present...
INFO:root:Setting firewall rule with name "HFU_Trigger_Server" to enabled...
INFO:root:Reset the trigger options...
INFO:root:Changing network configuration on Intel(R) Ethernet Connection I218-V...
INFO:root:Changed network configuration of Intel(R) Ethernet Connection I218-V
	to DHCP
INFO:root:Changing firewall configuration on port 10001...
DEBUG:root:Checking if firewall rule on port 10001 is present...
INFO:root:Setting firewall rule with name "HFU_Trigger_Server" to disabled...
